c:\users\admin\onedrive - vnu-hcmus\hk1 - year2\lập trình hướng đối tượng\thực hành\mario_bros\vubranch\testing\vu_mario\vu_mario\debug\vc143.pdb
c:\users\admin\onedrive - vnu-hcmus\hk1 - year2\lập trình hướng đối tượng\thực hành\mario_bros\vubranch\testing\vu_mario\vu_mario\debug\vc143.idb
c:\users\admin\onedrive - vnu-hcmus\hk1 - year2\lập trình hướng đối tượng\thực hành\mario_bros\vubranch\testing\vu_mario\vu_mario\debug\gamestate.obj
c:\users\admin\onedrive - vnu-hcmus\hk1 - year2\lập trình hướng đối tượng\thực hành\mario_bros\vubranch\testing\vu_mario\vu_mario\debug\game.obj
c:\users\admin\onedrive - vnu-hcmus\hk1 - year2\lập trình hướng đối tượng\thực hành\mario_bros\vubranch\testing\vu_mario\vu_mario\debug\flower.obj
c:\users\admin\onedrive - vnu-hcmus\hk1 - year2\lập trình hướng đối tượng\thực hành\mario_bros\vubranch\testing\vu_mario\vu_mario\debug\flag.obj
c:\users\admin\onedrive - vnu-hcmus\hk1 - year2\lập trình hướng đối tượng\thực hành\mario_bros\vubranch\testing\vu_mario\vu_mario\debug\firemario.obj
c:\users\admin\onedrive - vnu-hcmus\hk1 - year2\lập trình hướng đối tượng\thực hành\mario_bros\vubranch\testing\vu_mario\vu_mario\debug\eventhandler.obj
c:\users\admin\onedrive - vnu-hcmus\hk1 - year2\lập trình hướng đối tượng\thực hành\mario_bros\vubranch\testing\vu_mario\vu_mario\debug\collision.obj
c:\users\admin\onedrive - vnu-hcmus\hk1 - year2\lập trình hướng đối tượng\thực hành\mario_bros\vubranch\testing\vu_mario\vu_mario\debug\coin.obj
c:\users\admin\onedrive - vnu-hcmus\hk1 - year2\lập trình hướng đối tượng\thực hành\mario_bros\vubranch\testing\vu_mario\vu_mario\debug\cloud.obj
c:\users\admin\onedrive - vnu-hcmus\hk1 - year2\lập trình hướng đối tượng\thực hành\mario_bros\vubranch\testing\vu_mario\vu_mario\debug\characterdecorator.obj
c:\users\admin\onedrive - vnu-hcmus\hk1 - year2\lập trình hướng đối tượng\thực hành\mario_bros\vubranch\testing\vu_mario\vu_mario\debug\character.obj
c:\users\admin\onedrive - vnu-hcmus\hk1 - year2\lập trình hướng đối tượng\thực hành\mario_bros\vubranch\testing\vu_mario\vu_mario\debug\castle.obj
c:\users\admin\onedrive - vnu-hcmus\hk1 - year2\lập trình hướng đối tượng\thực hành\mario_bros\vubranch\testing\vu_mario\vu_mario\debug\brick.obj
c:\users\admin\onedrive - vnu-hcmus\hk1 - year2\lập trình hướng đối tượng\thực hành\mario_bros\vubranch\testing\vu_mario\vu_mario\debug\bonusbrick.obj
c:\users\admin\onedrive - vnu-hcmus\hk1 - year2\lập trình hướng đối tượng\thực hành\mario_bros\vubranch\testing\vu_mario\vu_mario\debug\block.obj
c:\users\admin\onedrive - vnu-hcmus\hk1 - year2\lập trình hướng đối tượng\thực hành\mario_bros\vubranch\testing\vu_mario\vu_mario\debug\basebrick.obj
c:\users\admin\onedrive - vnu-hcmus\hk1 - year2\lập trình hướng đối tượng\thực hành\mario_bros\vubranch\testing\vu_mario\vu_mario\debug\automaticstrategy.obj
c:\users\admin\onedrive - vnu-hcmus\hk1 - year2\lập trình hướng đối tượng\thực hành\mario_bros\vubranch\testing\vu_mario\vu_mario\debug\assetmanager.obj
c:\users\admin\onedrive - vnu-hcmus\hk1 - year2\lập trình hướng đối tượng\thực hành\mario_bros\vubranch\testing\vu_mario\vu_mario\debug\animationstrategy.obj
c:\users\admin\onedrive - vnu-hcmus\hk1 - year2\lập trình hướng đối tượng\thực hành\mario_bros\vubranch\testing\vu_mario\vu_mario\debug\animation.obj
c:\users\admin\onedrive - vnu-hcmus\hk1 - year2\lập trình hướng đối tượng\thực hành\mario_bros\vubranch\testing\vu_mario\vu_mario\debug\supermario.obj
c:\users\admin\onedrive - vnu-hcmus\hk1 - year2\lập trình hướng đối tượng\thực hành\mario_bros\vubranch\testing\vu_mario\vu_mario\debug\star.obj
c:\users\admin\onedrive - vnu-hcmus\hk1 - year2\lập trình hướng đối tượng\thực hành\mario_bros\vubranch\testing\vu_mario\vu_mario\debug\sound.obj
c:\users\admin\onedrive - vnu-hcmus\hk1 - year2\lập trình hướng đối tượng\thực hành\mario_bros\vubranch\testing\vu_mario\vu_mario\debug\playingstate.obj
c:\users\admin\onedrive - vnu-hcmus\hk1 - year2\lập trình hướng đối tượng\thực hành\mario_bros\vubranch\testing\vu_mario\vu_mario\debug\playablecharacter.obj
c:\users\admin\onedrive - vnu-hcmus\hk1 - year2\lập trình hướng đối tượng\thực hành\mario_bros\vubranch\testing\vu_mario\vu_mario\debug\nonplayablecharacter.obj
c:\users\admin\onedrive - vnu-hcmus\hk1 - year2\lập trình hướng đối tượng\thực hành\mario_bros\vubranch\testing\vu_mario\vu_mario\debug\mountain.obj
c:\users\admin\onedrive - vnu-hcmus\hk1 - year2\lập trình hướng đối tượng\thực hành\mario_bros\vubranch\testing\vu_mario\vu_mario\debug\menustate.obj
c:\users\admin\onedrive - vnu-hcmus\hk1 - year2\lập trình hướng đối tượng\thực hành\mario_bros\vubranch\testing\vu_mario\vu_mario\debug\mario.obj
c:\users\admin\onedrive - vnu-hcmus\hk1 - year2\lập trình hướng đối tượng\thực hành\mario_bros\vubranch\testing\vu_mario\vu_mario\debug\main.obj
c:\users\admin\onedrive - vnu-hcmus\hk1 - year2\lập trình hướng đối tượng\thực hành\mario_bros\vubranch\testing\vu_mario\vu_mario\debug\luigi.obj
c:\users\admin\onedrive - vnu-hcmus\hk1 - year2\lập trình hướng đối tượng\thực hành\mario_bros\vubranch\testing\vu_mario\vu_mario\debug\limitedtimestrategy.obj
c:\users\admin\onedrive - vnu-hcmus\hk1 - year2\lập trình hướng đối tượng\thực hành\mario_bros\vubranch\testing\vu_mario\vu_mario\debug\koopatroopa.obj
c:\users\admin\onedrive - vnu-hcmus\hk1 - year2\lập trình hướng đối tượng\thực hành\mario_bros\vubranch\testing\vu_mario\vu_mario\debug\keypressstrategy.obj
c:\users\admin\onedrive - vnu-hcmus\hk1 - year2\lập trình hướng đối tượng\thực hành\mario_bros\vubranch\testing\vu_mario\vu_mario\debug\item.obj
c:\users\admin\onedrive - vnu-hcmus\hk1 - year2\lập trình hướng đối tượng\thực hành\mario_bros\vubranch\testing\vu_mario\vu_mario\debug\indestructiblebrick.obj
c:\users\admin\onedrive - vnu-hcmus\hk1 - year2\lập trình hướng đối tượng\thực hành\mario_bros\vubranch\testing\vu_mario\vu_mario\debug\horizontalpipe.obj
c:\users\admin\onedrive - vnu-hcmus\hk1 - year2\lập trình hướng đối tượng\thực hành\mario_bros\vubranch\testing\vu_mario\vu_mario\debug\ground.obj
c:\users\admin\onedrive - vnu-hcmus\hk1 - year2\lập trình hướng đối tượng\thực hành\mario_bros\vubranch\testing\vu_mario\vu_mario\debug\goomba.obj
c:\users\admin\onedrive - vnu-hcmus\hk1 - year2\lập trình hướng đối tượng\thực hành\mario_bros\vubranch\testing\vu_mario\vu_mario\debug\goodmushroom.obj
c:\users\admin\onedrive - vnu-hcmus\hk1 - year2\lập trình hướng đối tượng\thực hành\mario_bros\vubranch\testing\vu_mario\vu_mario\debug\view.obj
c:\users\admin\onedrive - vnu-hcmus\hk1 - year2\lập trình hướng đối tượng\thực hành\mario_bros\vubranch\testing\vu_mario\vu_mario\debug\verticalpipe.obj
c:\users\admin\onedrive - vnu-hcmus\hk1 - year2\lập trình hướng đối tượng\thực hành\mario_bros\vubranch\testing\vu_mario\vu_mario\debug\tree.obj
c:\users\admin\onedrive - vnu-hcmus\hk1 - year2\lập trình hướng đối tượng\thực hành\mario_bros\vubranch\testing\vu_mario\debug\vu_mario.exe
c:\users\admin\onedrive - vnu-hcmus\hk1 - year2\lập trình hướng đối tượng\thực hành\mario_bros\vubranch\testing\vu_mario\vu_mario\debug\vu_mario.ilk
c:\users\admin\onedrive - vnu-hcmus\hk1 - year2\lập trình hướng đối tượng\thực hành\mario_bros\vubranch\testing\vu_mario\debug\vu_mario.pdb
c:\users\admin\onedrive - vnu-hcmus\hk1 - year2\lập trình hướng đối tượng\thực hành\mario_bros\vubranch\testing\vu_mario\vu_mario\debug\vu_mario.tlog\cl.command.1.tlog
c:\users\admin\onedrive - vnu-hcmus\hk1 - year2\lập trình hướng đối tượng\thực hành\mario_bros\vubranch\testing\vu_mario\vu_mario\debug\vu_mario.tlog\cl.items.tlog
c:\users\admin\onedrive - vnu-hcmus\hk1 - year2\lập trình hướng đối tượng\thực hành\mario_bros\vubranch\testing\vu_mario\vu_mario\debug\vu_mario.tlog\cl.read.1.tlog
c:\users\admin\onedrive - vnu-hcmus\hk1 - year2\lập trình hướng đối tượng\thực hành\mario_bros\vubranch\testing\vu_mario\vu_mario\debug\vu_mario.tlog\cl.write.1.tlog
c:\users\admin\onedrive - vnu-hcmus\hk1 - year2\lập trình hướng đối tượng\thực hành\mario_bros\vubranch\testing\vu_mario\vu_mario\debug\vu_mario.tlog\link.command.1.tlog
c:\users\admin\onedrive - vnu-hcmus\hk1 - year2\lập trình hướng đối tượng\thực hành\mario_bros\vubranch\testing\vu_mario\vu_mario\debug\vu_mario.tlog\link.read.1.tlog
c:\users\admin\onedrive - vnu-hcmus\hk1 - year2\lập trình hướng đối tượng\thực hành\mario_bros\vubranch\testing\vu_mario\vu_mario\debug\vu_mario.tlog\link.write.1.tlog
