  Game.cpp
D:\Mario - OOP\MARIO - OOP\MARIO - OOP\Game.cpp(28,75): warning C4244: 'argument': conversion from 'T' to 'T', possible loss of data
D:\Mario - OOP\MARIO - OOP\MARIO - OOP\Game.cpp(28,75): warning C4244:         with
D:\Mario - OOP\MARIO - OOP\MARIO - OOP\Game.cpp(28,75): warning C4244:         [
D:\Mario - OOP\MARIO - OOP\MARIO - OOP\Game.cpp(28,75): warning C4244:             T=unsigned int
D:\Mario - OOP\MARIO - OOP\MARIO - OOP\Game.cpp(28,75): warning C4244:         ]
D:\Mario - OOP\MARIO - OOP\MARIO - OOP\Game.cpp(28,75): warning C4244:         and
D:\Mario - OOP\MARIO - OOP\MARIO - OOP\Game.cpp(28,75): warning C4244:         [
D:\Mario - OOP\MARIO - OOP\MARIO - OOP\Game.cpp(28,75): warning C4244:             T=float
D:\Mario - OOP\MARIO - OOP\MARIO - OOP\Game.cpp(28,75): warning C4244:         ]
D:\Mario - OOP\MARIO - OOP\MARIO - OOP\Game.cpp(28,55): warning C4244: 'argument': conversion from 'T' to 'T', possible loss of data
D:\Mario - OOP\MARIO - OOP\MARIO - OOP\Game.cpp(28,55): warning C4244:         with
D:\Mario - OOP\MARIO - OOP\MARIO - OOP\Game.cpp(28,55): warning C4244:         [
D:\Mario - OOP\MARIO - OOP\MARIO - OOP\Game.cpp(28,55): warning C4244:             T=unsigned int
D:\Mario - OOP\MARIO - OOP\MARIO - OOP\Game.cpp(28,55): warning C4244:         ]
D:\Mario - OOP\MARIO - OOP\MARIO - OOP\Game.cpp(28,55): warning C4244:         and
D:\Mario - OOP\MARIO - OOP\MARIO - OOP\Game.cpp(28,55): warning C4244:         [
D:\Mario - OOP\MARIO - OOP\MARIO - OOP\Game.cpp(28,55): warning C4244:             T=float
D:\Mario - OOP\MARIO - OOP\MARIO - OOP\Game.cpp(28,55): warning C4244:         ]
  MARIO - OOP.cpp
  Mario.cpp
  Generating Code...
  MARIO - OOP.vcxproj -> D:\Mario - OOP\MARIO - OOP\Debug\MARIO - OOP.exe
